<?xml version="1.0" encoding="UTF-8"?>
<!-- Generated by org.testng.reporters.JUnitReportReporter -->
<testsuite hostname="NB230.fritz.box" failures="0" tests="3" name="actualTests.LoginTest" time="32.501" errors="0" timestamp="2021-04-22T20:37:37 CEST" skipped="0">
  <testcase classname="actualTests.LoginTest" name="verifyAcceptCookie" time="4.415"/>
  <testcase classname="actualTests.LoginTest" name="verifyPageTitle" time="5.924"/>
  <testcase classname="actualTests.LoginTest" name="testLogin" time="22.162"/>
</testsuite> <!-- actualTests.LoginTest -->
